	Exporter version: 4.6.1, Blender version: 2.78 (sub 0)
========= Conversion from Blender to Babylon.js =========
	Scene settings used:
		selected layers only:  false
		flat shading entire scene:  false
		inline textures:  false
		texture directory:  C:\Users\tomas\Dropbox\King Underground\King-Underground\characters\Goblin\
	Python World class constructor completed
	processing begun of skeleton:  Armature, id:  0
		processing begun of bone:  Hips, index:  0
		processing begun of bone:  Spine, index:  1
		processing begun of bone:  Spine1, index:  2
		processing begun of bone:  Spine2, index:  3
		processing begun of bone:  Neck, index:  4
		processing begun of bone:  Head, index:  5
		processing begun of bone:  HeadTop_End, index:  6
		processing begun of bone:  LeftShoulder, index:  7
		processing begun of bone:  LeftArm, index:  8
		processing begun of bone:  LeftForeArm, index:  9
		processing begun of bone:  LeftHand, index:  10
		processing begun of bone:  LeftHandThumb1, index:  11
		processing begun of bone:  LeftHandThumb2, index:  12
		processing begun of bone:  LeftHandThumb3, index:  13
		processing begun of bone:  LeftHandThumb4, index:  14
		processing begun of bone:  LeftHandIndex1, index:  15
		processing begun of bone:  LeftHandIndex2, index:  16
		processing begun of bone:  LeftHandIndex3, index:  17
		processing begun of bone:  LeftHandIndex4, index:  18
		processing begun of bone:  LeftHandMiddle1, index:  19
		processing begun of bone:  LeftHandMiddle2, index:  20
		processing begun of bone:  LeftHandMiddle3, index:  21
		processing begun of bone:  LeftHandMiddle4, index:  22
		processing begun of bone:  LeftHandRing1, index:  23
		processing begun of bone:  LeftHandRing2, index:  24
		processing begun of bone:  LeftHandRing3, index:  25
		processing begun of bone:  LeftHandRing4, index:  26
		processing begun of bone:  LeftHandPinky1, index:  27
		processing begun of bone:  LeftHandPinky2, index:  28
		processing begun of bone:  LeftHandPinky3, index:  29
		processing begun of bone:  LeftHandPinky4, index:  30
		processing begun of bone:  RightShoulder, index:  31
		processing begun of bone:  RightArm, index:  32
		processing begun of bone:  RightForeArm, index:  33
		processing begun of bone:  RightHand, index:  34
		processing begun of bone:  RightHandThumb1, index:  35
		processing begun of bone:  RightHandThumb2, index:  36
		processing begun of bone:  RightHandThumb3, index:  37
		processing begun of bone:  RightHandThumb4, index:  38
		processing begun of bone:  RightHandIndex1, index:  39
		processing begun of bone:  RightHandIndex2, index:  40
		processing begun of bone:  RightHandIndex3, index:  41
		processing begun of bone:  RightHandIndex4, index:  42
		processing begun of bone:  RightHandMiddle1, index:  43
		processing begun of bone:  RightHandMiddle2, index:  44
		processing begun of bone:  RightHandMiddle3, index:  45
		processing begun of bone:  RightHandMiddle4, index:  46
		processing begun of bone:  RightHandRing1, index:  47
		processing begun of bone:  RightHandRing2, index:  48
		processing begun of bone:  RightHandRing3, index:  49
		processing begun of bone:  RightHandRing4, index:  50
		processing begun of bone:  RightHandPinky1, index:  51
		processing begun of bone:  RightHandPinky2, index:  52
		processing begun of bone:  RightHandPinky3, index:  53
		processing begun of bone:  RightHandPinky4, index:  54
		processing begun of bone:  LeftUpLeg, index:  55
		processing begun of bone:  LeftLeg, index:  56
		processing begun of bone:  LeftFoot, index:  57
		processing begun of bone:  LeftToeBase, index:  58
		processing begun of bone:  LeftToe_End, index:  59
		processing begun of bone:  RightUpLeg, index:  60
		processing begun of bone:  RightLeg, index:  61
		processing begun of bone:  RightFoot, index:  62
		processing begun of bone:  RightToeBase, index:  63
		processing begun of bone:  RightToe_End, index:  64
		processing action Armature|mixamo.com|Layer0:  in[1 - 2], out[0 - 2]
	processing begun of mesh:  Goblin
		processing begun of Standard material:  phong1
			Diffuse texture found "eyes:file61"
				Image texture found, type:  diffuseTexture, mapped using: "UVChannel_1"
			Bump texture found "file3"
				Image texture found, type:  bumpTexture, mapped using: "UVChannel_1"
			Specular texture found "file2"
				Image texture found, type:  specularTexture, mapped using: "UVChannel_1"
		num positions      :  10061
		num normals        :  10061
		num uvs            :  20122
		num uvs2           :  20122
		num colors         :  0
		num indices        :  39210
		Skeleton stats:  
			Total Influencers:  17374
			Avg # of influencers per vertex:  1.7269
			Highest # of influencers observed:  5, num vertices with this:  61
			exported as 5 influencers
			num skeletonWeights and skeletonIndices:  80488
	processing begun of mesh:  Gobiln_eyes
		processing begun of Standard material:  eyes:eyes_lambert
			Diffuse texture found "eyes:file61"
				Image texture found, type:  diffuseTexture, mapped using: "UVSet0"
			Bump texture found "file3"
				Image texture found, type:  bumpTexture, mapped using: "UVSet0"
		num positions      :  122
		num normals        :  122
		num uvs            :  244
		num uvs2           :  244
		num colors         :  0
		num indices        :  630
		Skeleton stats:  
			Total Influencers:  122
			Avg # of influencers per vertex:  1
			Highest # of influencers observed:  1, num vertices with this:  122
			exported as 1 influencers
			num skeletonWeights and skeletonIndices:  488
	processing begun of camera (FreeCamera):  Camera
	processing begun of light (POINT):  Lamp
========= Writing of scene file started =========
========= Writing of scene file completed =========
========= end of processing =========
elapsed time:  0 min, 33.6904 secs
