	Exporter version: 4.6.1, Blender version: 2.78 (sub 0)
========= Conversion from Blender to Babylon.js =========
	Scene settings used:
		selected layers only:  false
		flat shading entire scene:  false
		inline textures:  false
		texture directory:  C:\Users\tomas\Dropbox\King Underground\King-Underground\characters\Kralj Matjaz\
	Python World class constructor completed
	processing begun of skeleton:  Armature, id:  0
		processing begun of bone:  Hips, index:  0
		processing begun of bone:  Spine, index:  1
		processing begun of bone:  Spine1, index:  2
		processing begun of bone:  Spine2, index:  3
		processing begun of bone:  Neck, index:  4
		processing begun of bone:  Head, index:  5
		processing begun of bone:  HeadTop_End, index:  6
		processing begun of bone:  LeftShoulder, index:  7
		processing begun of bone:  LeftArm, index:  8
		processing begun of bone:  LeftForeArm, index:  9
		processing begun of bone:  LeftHand, index:  10
		processing begun of bone:  LeftHandIndex1, index:  11
		processing begun of bone:  LeftHandIndex2, index:  12
		processing begun of bone:  LeftHandIndex3, index:  13
		processing begun of bone:  LeftHandIndex4, index:  14
		processing begun of bone:  LeftHandThumb1, index:  15
		processing begun of bone:  LeftHandThumb2, index:  16
		processing begun of bone:  LeftHandThumb3, index:  17
		processing begun of bone:  LeftHandThumb4, index:  18
		processing begun of bone:  RightShoulder, index:  19
		processing begun of bone:  RightArm, index:  20
		processing begun of bone:  RightForeArm, index:  21
		processing begun of bone:  RightHand, index:  22
		processing begun of bone:  RightHandThumb1, index:  23
		processing begun of bone:  RightHandThumb2, index:  24
		processing begun of bone:  RightHandThumb3, index:  25
		processing begun of bone:  RightHandThumb4, index:  26
		processing begun of bone:  RightHandIndex1, index:  27
		processing begun of bone:  RightHandIndex2, index:  28
		processing begun of bone:  RightHandIndex3, index:  29
		processing begun of bone:  RightHandIndex4, index:  30
		processing begun of bone:  LeftUpLeg, index:  31
		processing begun of bone:  LeftLeg, index:  32
		processing begun of bone:  LeftFoot, index:  33
		processing begun of bone:  LeftToeBase, index:  34
		processing begun of bone:  LeftToe_End, index:  35
		processing begun of bone:  RightUpLeg, index:  36
		processing begun of bone:  RightLeg, index:  37
		processing begun of bone:  RightFoot, index:  38
		processing begun of bone:  RightToeBase, index:  39
		processing begun of bone:  RightToe_End, index:  40
		processing action Armature|mixamo.com|Layer0:  in[1 - 2], out[0 - 2]
	processing begun of mesh:  Peasant_Man
		processing begun of Standard material:  Peasant_Man_02
			Diffuse texture found "file4"
				Image texture found, type:  diffuseTexture, mapped using: "map1"
			Bump texture found "file5"
				Image texture found, type:  bumpTexture, mapped using: "map1"
			Specular texture found "file6"
				Image texture found, type:  specularTexture, mapped using: "map1"
		num positions      :  3562
		num normals        :  3562
		num uvs            :  7124
		num uvs2           :  7124
		num colors         :  0
		num indices        :  13893
		Skeleton stats:  
			Total Influencers:  6434
			Avg # of influencers per vertex:  1.8063
			Highest # of influencers observed:  5, num vertices with this:  11
			exported as 5 influencers
			num skeletonWeights and skeletonIndices:  28496
		WARNING: # of 0 area faces found:  6
	processing begun of camera (FreeCamera):  Camera
	processing begun of light (POINT):  Lamp
========= Writing of scene file started =========
========= Writing of scene file completed =========
========= end of processing =========
elapsed time:  0 min, 6.4765 secs
