	Exporter version: 4.6.1, Blender version: 2.78 (sub 0)
========= Conversion from Blender to Babylon.js =========
	Scene settings used:
		selected layers only:  false
		flat shading entire scene:  false
		inline textures:  false
		texture directory:  C:\Users\tomas\Dropbox\King Underground\King-Underground\app\assets\other\
	Python World class constructor completed
	processing begun of mesh:  Grass_02
		processing begun of Standard material:  grass_02
		num positions      :  10157
		num normals        :  10157
		num uvs            :  20314
		num uvs2           :  0
		num colors         :  0
		num indices        :  18705
	processing begun of camera (FreeCamera):  Camera
	processing begun of light (POINT):  Lamp
========= Writing of scene file started =========
========= Writing of scene file completed =========
========= end of processing =========
elapsed time:  0 min, 0.2332 secs
